This is LuaHBTeX, Version 1.14.0 (TeX Live 2022/dev/Debian)  (format=lualatex 2022.5.19)  15 AUG 2022 15:38
 restricted system commands enabled.
**main.tex
(./main.tex
LaTeX2e <2021-11-15> patch level 1
Lua module: luaotfload 2021-05-21 3.18 Lua based OpenType font support
Lua module: lualibs 2021-05-20 2.74 ConTeXt Lua standard libraries.
Lua module: lualibs-extended 2021-05-20 2.74 ConTeXt Lua libraries -- extended c
ollection.
luaotfload | conf : Root cache directory is "/home/cjdg/.texlive2021/texmf-var/l
uatex-cache/generic/names".
luaotfload | init : Loading fontloader "fontloader-2021-05-20.lua" from kpse-res
olved path "/usr/share/texlive/texmf-dist/tex/luatex/luaotfload/fontloader-2021-
05-20.lua".
Lua-only attribute luaotfload@noligature = 1
Lua-only attribute luaotfload@syllabe = 2
luaotfload | init : Context OpenType loader version 3.116
Inserting `luaotfload.node_processor' at position 1 in `pre_linebreak_filter'.
Inserting `luaotfload.node_processor' at position 1 in `hpack_filter'.
Inserting `luaotfload.glyph_stream' at position 1 in `glyph_stream_provider'.
Inserting `luaotfload.define_font' at position 1 in `define_font'.
Lua-only attribute luaotfload_color_attribute = 3
luaotfload | conf : Root cache directory is "/home/cjdg/.texlive2021/texmf-var/l
uatex-cache/generic/names".
Inserting `luaotfload.harf.strip_prefix' at position 1 in `find_opentype_file'.
Inserting `luaotfload.harf.strip_prefix' at position 1 in `find_truetype_file'.
Inserting `luaotfload.harf.finalize_vlist' at position 1 in `post_linebreak_filt
er'.
Inserting `luaotfload.harf.finalize_hlist' at position 2 in `hpack_filter'.
Inserting `luaotfload.cleanup_files' at position 1 in `wrapup_run'.
Inserting `luaotfload.harf.finalize_unicode' at position 1 in `finish_pdffile'.
Inserting `luaotfload.glyphinfo' at position 1 in `glyph_info'.
Lua-only attribute luaotfload.letterspace_done = 4
Inserting `luaotfload.aux.set_sscale_dimens' at position 1 in `luaotfload.patch_
font'.
Inserting `luaotfload.aux.set_font_index' at position 2 in `luaotfload.patch_fon
t'.
Inserting `luaotfload.aux.patch_cambria_domh' at position 3 in `luaotfload.patch
_font'.
Inserting `luaotfload.aux.fixup_fontdata' at position 1 in `luaotfload.patch_fon
t_unsafe'.
Inserting `luaotfload.aux.set_capheight' at position 4 in `luaotfload.patch_font
'.
Inserting `luaotfload.aux.set_xheight' at position 5 in `luaotfload.patch_font'.
Inserting `luaotfload.rewrite_fontname' at position 6 in `luaotfload.patch_font'
. L3 programming layer <2022-01-21>
Inserting `tracingstacklevels' at position 1 in `input_level_string'.
(/usr/share/texlive/texmf-dist/tex/latex/base/article.cls
Document Class: article 2021/10/04 v1.4n Standard LaTeX document class
(/usr/share/texlive/texmf-dist/tex/latex/base/size10.clo
File: size10.clo 2021/10/04 v1.4n Standard LaTeX file (size option)
luaotfload | db : Font names database loaded from /home/cjdg/.texlive2021/texmf-
var/luatex-cache/generic/names/luaotfload-names.luc)
\c@part=\count183
\c@section=\count184
\c@subsection=\count185
\c@subsubsection=\count186
\c@paragraph=\count187
\c@subparagraph=\count188
\c@figure=\count189
\c@table=\count190
\abovecaptionskip=\skip47
\belowcaptionskip=\skip48
\bibindent=\dimen137
)

LaTeX Warning: \include should only be used after \begin{document} on input lin
e 2.

(./helper.tex (/usr/share/texmf/tex/latex/lm/lmodern.sty
Package: lmodern 2009/10/30 v1.6 Latin Modern Fonts
LaTeX Font Info:    Overwriting symbol font `operators' in version `normal'
(Font)                  OT1/cmr/m/n --> OT1/lmr/m/n on input line 22.
LaTeX Font Info:    Overwriting symbol font `letters' in version `normal'
(Font)                  OML/cmm/m/it --> OML/lmm/m/it on input line 23.
LaTeX Font Info:    Overwriting symbol font `symbols' in version `normal'
(Font)                  OMS/cmsy/m/n --> OMS/lmsy/m/n on input line 24.
LaTeX Font Info:    Overwriting symbol font `largesymbols' in version `normal'
(Font)                  OMX/cmex/m/n --> OMX/lmex/m/n on input line 25.
LaTeX Font Info:    Overwriting symbol font `operators' in version `bold'
(Font)                  OT1/cmr/bx/n --> OT1/lmr/bx/n on input line 26.
LaTeX Font Info:    Overwriting symbol font `letters' in version `bold'
(Font)                  OML/cmm/b/it --> OML/lmm/b/it on input line 27.
LaTeX Font Info:    Overwriting symbol font `symbols' in version `bold'
(Font)                  OMS/cmsy/b/n --> OMS/lmsy/b/n on input line 28.
LaTeX Font Info:    Overwriting symbol font `largesymbols' in version `bold'
(Font)                  OMX/cmex/m/n --> OMX/lmex/m/n on input line 29.
LaTeX Font Info:    Overwriting math alphabet `\mathbf' in version `normal'
(Font)                  OT1/cmr/bx/n --> OT1/lmr/bx/n on input line 31.
LaTeX Font Info:    Overwriting math alphabet `\mathsf' in version `normal'
(Font)                  OT1/cmss/m/n --> OT1/lmss/m/n on input line 32.
LaTeX Font Info:    Overwriting math alphabet `\mathit' in version `normal'
(Font)                  OT1/cmr/m/it --> OT1/lmr/m/it on input line 33.
LaTeX Font Info:    Overwriting math alphabet `\mathtt' in version `normal'
(Font)                  OT1/cmtt/m/n --> OT1/lmtt/m/n on input line 34.
LaTeX Font Info:    Overwriting math alphabet `\mathbf' in version `bold'
(Font)                  OT1/cmr/bx/n --> OT1/lmr/bx/n on input line 35.
LaTeX Font Info:    Overwriting math alphabet `\mathsf' in version `bold'
(Font)                  OT1/cmss/bx/n --> OT1/lmss/bx/n on input line 36.
LaTeX Font Info:    Overwriting math alphabet `\mathit' in version `bold'
(Font)                  OT1/cmr/bx/it --> OT1/lmr/bx/it on input line 37.
LaTeX Font Info:    Overwriting math alphabet `\mathtt' in version `bold'
(Font)                  OT1/cmtt/m/n --> OT1/lmtt/m/n on input line 38.
)
(/usr/share/texlive/texmf-dist/tex/latex/amsfonts/amssymb.sty
Package: amssymb 2013/01/14 v3.01 AMS font symbols

(/usr/share/texlive/texmf-dist/tex/latex/amsfonts/amsfonts.sty
Package: amsfonts 2013/01/14 v3.01 Basic AMSFonts support
\@emptytoks=\toks16
\symAMSa=\mathgroup4
\symAMSb=\mathgroup5
LaTeX Font Info:    Redeclaring math symbol \hbar on input line 98.
LaTeX Font Info:    Overwriting math alphabet `\mathfrak' in version `bold'
(Font)                  U/euf/m/n --> U/euf/b/n on input line 106.
))
(/usr/share/texlive/texmf-dist/tex/latex/amsmath/amsmath.sty
Package: amsmath 2021/10/15 v2.17l AMS math features
\@mathmargin=\skip49

For additional information on amsmath, use the `?' option.
(/usr/share/texlive/texmf-dist/tex/latex/amsmath/amstext.sty
Package: amstext 2021/08/26 v2.01 AMS text

(/usr/share/texlive/texmf-dist/tex/latex/amsmath/amsgen.sty
File: amsgen.sty 1999/11/30 v2.0 generic functions
\@emptytoks=\toks17
\ex@=\dimen138
))
(/usr/share/texlive/texmf-dist/tex/latex/amsmath/amsbsy.sty
Package: amsbsy 1999/11/29 v1.2d Bold Symbols
\pmbraise@=\dimen139
)
(/usr/share/texlive/texmf-dist/tex/latex/amsmath/amsopn.sty
Package: amsopn 2021/08/26 v2.02 operator names
)
\inf@bad=\count191
LaTeX Info: Redefining \frac on input line 236.
\uproot@=\count192
\leftroot@=\count193
LaTeX Info: Redefining \overline on input line 399.
\classnum@=\count194
\DOTSCASE@=\count195
LaTeX Info: Redefining \ldots on input line 496.
LaTeX Info: Redefining \dots on input line 499.
LaTeX Info: Redefining \cdots on input line 620.
\Mathstrutbox@=\box50
\strutbox@=\box51
\big@size=\dimen140
LaTeX Font Info:    Redeclaring font encoding OML on input line 743.
LaTeX Font Info:    Redeclaring font encoding OMS on input line 744.
\macc@depth=\count196
\c@MaxMatrixCols=\count197
\dotsspace@=\muskip16
\c@parentequation=\count198
\dspbrk@lvl=\count199
\tag@help=\toks18
\row@=\count266
\column@=\count267
\maxfields@=\count268
\andhelp@=\toks19
\eqnshift@=\dimen141
\alignsep@=\dimen142
\tagshift@=\dimen143
\tagwidth@=\dimen144
\totwidth@=\dimen145
\lineht@=\dimen146
\@envbody=\toks20
\multlinegap=\skip50
\multlinetaggap=\skip51
\mathdisplay@stack=\toks21
LaTeX Info: Redefining \[ on input line 2938.
LaTeX Info: Redefining \] on input line 2939.
)
(/usr/share/texlive/texmf-dist/tex/generic/iftex/ifxetex.sty
Package: ifxetex 2019/10/25 v0.7 ifxetex legacy package. Use iftex instead.

(/usr/share/texlive/texmf-dist/tex/generic/iftex/iftex.sty
Package: iftex 2020/03/06 v1.0d TeX engine tests
))
(/usr/share/texlive/texmf-dist/tex/generic/iftex/ifluatex.sty
Package: ifluatex 2019/10/25 v1.5 ifluatex legacy package. Use iftex instead.
)
(/usr/share/texlive/texmf-dist/tex/latex/unicode-math/unicode-math.sty
(/usr/share/texlive/texmf-dist/tex/latex/l3kernel/expl3.sty
Package: expl3 2022-01-21 L3 programming layer (loader) 

(/usr/share/texlive/texmf-dist/tex/latex/l3backend/l3backend-luatex.def
File: l3backend-luatex.def 2022-01-12 L3 backend support: PDF output (LuaTeX)
\l__color_backend_stack_int=\count269
\l__pdf_internal_box=\box52
))
Package: unicode-math 2020/01/31 v0.8q Unicode maths in XeLaTeX and LuaLaTeX

(/usr/share/texlive/texmf-dist/tex/latex/unicode-math/unicode-math-luatex.sty
Package: unicode-math-luatex 2020/01/31 v0.8q Unicode maths in XeLaTeX and LuaL
aTeX

(/usr/share/texlive/texmf-dist/tex/latex/l3packages/xparse/xparse.sty
Package: xparse 2022-01-12 L3 Experimental document command parser
)
(/usr/share/texlive/texmf-dist/tex/latex/l3packages/l3keys2e/l3keys2e.sty
Package: l3keys2e 2022-01-12 LaTeX2e option processing using LaTeX3 keys
)
(/usr/share/texlive/texmf-dist/tex/latex/fontspec/fontspec.sty
Package: fontspec 2022/01/15 v2.8a Font selection for XeLaTeX and LuaLaTeX
Lua module: fontspec 2022/01/15 2.8a Font selection for XeLaTeX and LuaLaTeX
(/usr/share/texlive/texmf-dist/tex/latex/fontspec/fontspec-luatex.sty
Package: fontspec-luatex 2022/01/15 v2.8a Font selection for XeLaTeX and LuaLaT
eX
\l__fontspec_script_int=\count270
\l__fontspec_language_int=\count271
\l__fontspec_strnum_int=\count272
\l__fontspec_tmp_int=\count273
\l__fontspec_tmpa_int=\count274
\l__fontspec_tmpb_int=\count275
\l__fontspec_tmpc_int=\count276
\l__fontspec_em_int=\count277
\l__fontspec_emdef_int=\count278
\l__fontspec_strong_int=\count279
\l__fontspec_strongdef_int=\count280
\l__fontspec_tmpa_dim=\dimen147
\l__fontspec_tmpb_dim=\dimen148
\l__fontspec_tmpc_dim=\dimen149

(/usr/share/texlive/texmf-dist/tex/latex/base/fontenc.sty
Package: fontenc 2021/04/29 v2.0v Standard LaTeX package
)
(/usr/share/texlive/texmf-dist/tex/latex/fontspec/fontspec.cfg)))
(/usr/share/texlive/texmf-dist/tex/latex/base/fix-cm.sty
Package: fix-cm 2020/11/24 v1.1t fixes to LaTeX

(/usr/share/texlive/texmf-dist/tex/latex/base/ts1enc.def
File: ts1enc.def 2001/06/05 v3.0e (jk/car/fm) Standard LaTeX file
LaTeX Font Info:    Redeclaring font encoding TS1 on input line 47.
))
(/usr/share/texlive/texmf-dist/tex/lualatex/lualatex-math/lualatex-math.sty
Package: lualatex-math 2022/01/01 v1.12 Patches for mathematics typesetting wit
h LuaLaTeX

(/usr/share/texlive/texmf-dist/tex/latex/etoolbox/etoolbox.sty
Package: etoolbox 2020/10/05 v2.5k e-TeX tools for LaTeX (JAW)
\etb@tempcnta=\count281
)
Lua module: lualatex-math 2013/08/03 1.3 Patches for mathematics typesetting wit
h LuaLaTeX)
\g__um_fam_int=\count282
\g__um_fonts_used_int=\count283
\l__um_primecount_int=\count284
\g__um_primekern_muskip=\muskip17

(/usr/share/texlive/texmf-dist/tex/latex/unicode-math/unicode-math-table.tex))) (/usr/share/texlive/texmf-dist/tex/latex/upquote/upquote.sty
Package: upquote 2012/04/19 v1.3 upright-quote and grave-accent glyphs in verba
tim

(/usr/share/texlive/texmf-dist/tex/latex/base/textcomp.sty
Package: textcomp 2020/02/02 v2.0n Standard LaTeX package
))
(/usr/share/texlive/texmf-dist/tex/latex/microtype/microtype.sty
Package: microtype 2021/12/10 v3.0b Micro-typographical refinements (RS)

(/usr/share/texlive/texmf-dist/tex/latex/graphics/keyval.sty
Package: keyval 2014/10/28 v1.15 key=value parser (DPC)
\KV@toks@=\toks22
)
\MT@toks=\toks23
\MT@count=\count285
\MT@tempbox=\box53
LaTeX Info: Redefining \leftprotrusion on input line 1010.
LaTeX Info: Redefining \rightprotrusion on input line 1018.
LaTeX Info: Redefining \textls on input line 1173.
\MT@outer@kern=\dimen150
LaTeX Info: Redefining \textmicrotypecontext on input line 1759.
\MT@listname@count=\count286

(/usr/share/texlive/texmf-dist/tex/latex/microtype/microtype-luatex.def
File: microtype-luatex.def 2021/12/10 v3.0b Definitions specific to luatex (RS)

Lua module: microtype 2021/12/10 3.0b microtype module.
Module microtype Info: overwriting function `keepligature' on input line 63
LaTeX Info: Redefining \lsstyle on input line 685.
LaTeX Info: Redefining \lslig on input line 685.
\MT@outer@space=\skip52
)
Package microtype Info: Loading configuration file microtype.cfg.

(/usr/share/texlive/texmf-dist/tex/latex/microtype/microtype.cfg
File: microtype.cfg 2021/12/10 v3.0b microtype main configuration file (RS)
))
(/usr/share/texlive/texmf-dist/tex/latex/parskip/parskip.sty
Package: parskip 2021-03-14 v2.0h non-zero parskip adjustments

(/usr/share/texlive/texmf-dist/tex/latex/kvoptions/kvoptions.sty
Package: kvoptions 2020-10-07 v3.14 Key value format for package options (HO)

(/usr/share/texlive/texmf-dist/tex/generic/ltxcmds/ltxcmds.sty
Package: ltxcmds 2020-05-10 v1.25 LaTeX kernel commands for general use (HO)
)
(/usr/share/texlive/texmf-dist/tex/generic/kvsetkeys/kvsetkeys.sty
Package: kvsetkeys 2019/12/15 v1.18 Key value parser (HO)
)))
(/usr/share/texlive/texmf-dist/tex/latex/xcolor/xcolor.sty
Package: xcolor 2021/10/31 v2.13 LaTeX color extensions (UK)

(/usr/share/texlive/texmf-dist/tex/latex/graphics-cfg/color.cfg
File: color.cfg 2016/01/02 v1.6 sample color configuration
)
Package xcolor Info: Driver file: luatex.def on input line 227.

(/usr/share/texlive/texmf-dist/tex/latex/graphics-def/luatex.def
File: luatex.def 2021/06/01 v1.2c Graphics/color driver for luatex
)
Package xcolor Info: Model `cmy' substituted by `cmy0' on input line 1352.
Package xcolor Info: Model `hsb' substituted by `rgb' on input line 1356.
Package xcolor Info: Model `RGB' extended on input line 1368.
Package xcolor Info: Model `HTML' substituted by `rgb' on input line 1370.
Package xcolor Info: Model `Hsb' substituted by `hsb' on input line 1371.
Package xcolor Info: Model `tHsb' substituted by `hsb' on input line 1372.
Package xcolor Info: Model `HSB' substituted by `hsb' on input line 1373.
Package xcolor Info: Model `Gray' substituted by `gray' on input line 1374.
Package xcolor Info: Model `wave' substituted by `hsb' on input line 1375.
)
(/usr/share/texlive/texmf-dist/tex/latex/xurl/xurl.sty
Package: xurl 2022/01/09 v 0.10 modify URL breaks

(/usr/share/texlive/texmf-dist/tex/latex/url/url.sty
\Urlmuskip=\muskip18
Package: url 2013/09/16  ver 3.4  Verb mode for urls, etc.
))
(/usr/share/texlive/texmf-dist/tex/latex/bookmark/bookmark.sty
Package: bookmark 2020-11-06 v1.29 PDF bookmarks (HO)

(/usr/share/texlive/texmf-dist/tex/latex/hyperref/hyperref.sty
Package: hyperref 2021-06-07 v7.00m Hypertext links for LaTeX

(/usr/share/texlive/texmf-dist/tex/generic/pdftexcmds/pdftexcmds.sty
Package: pdftexcmds 2020-06-27 v0.33 Utility functions of pdfTeX for LuaTeX (HO
)

(/usr/share/texlive/texmf-dist/tex/generic/infwarerr/infwarerr.sty
Package: infwarerr 2019/12/03 v1.5 Providing info/warning/error messages (HO)
)
Package pdftexcmds Info: \pdf@primitive is available.
Package pdftexcmds Info: \pdf@ifprimitive is available.
Package pdftexcmds Info: \pdfdraftmode found.
\pdftexcmds@toks=\toks24
)
(/usr/share/texlive/texmf-dist/tex/generic/kvdefinekeys/kvdefinekeys.sty
Package: kvdefinekeys 2019-12-19 v1.6 Define keys (HO)
)
(/usr/share/texlive/texmf-dist/tex/generic/pdfescape/pdfescape.sty
Package: pdfescape 2019/12/09 v1.15 Implements pdfTeX's escape features (HO)
)
(/usr/share/texlive/texmf-dist/tex/latex/hycolor/hycolor.sty
Package: hycolor 2020-01-27 v1.10 Color options for hyperref/bookmark (HO)
)
(/usr/share/texlive/texmf-dist/tex/latex/letltxmacro/letltxmacro.sty
Package: letltxmacro 2019/12/03 v1.6 Let assignment for LaTeX macros (HO)
)
(/usr/share/texlive/texmf-dist/tex/latex/auxhook/auxhook.sty
Package: auxhook 2019-12-17 v1.6 Hooks for auxiliary files (HO)
)
\@linkdim=\dimen151
\Hy@linkcounter=\count287
\Hy@pagecounter=\count288

(/usr/share/texlive/texmf-dist/tex/latex/hyperref/pd1enc.def
File: pd1enc.def 2021-06-07 v7.00m Hyperref: PDFDocEncoding definition (HO)
)
(/usr/share/texlive/texmf-dist/tex/latex/hyperref/hyperref-langpatches.def
File: hyperref-langpatches.def 2021-06-07 v7.00m Hyperref: patches for babel la
nguages
)
(/usr/share/texlive/texmf-dist/tex/generic/intcalc/intcalc.sty
Package: intcalc 2019/12/15 v1.3 Expandable calculations with integers (HO)
)
(/usr/share/texlive/texmf-dist/tex/generic/etexcmds/etexcmds.sty
Package: etexcmds 2019/12/15 v1.7 Avoid name clashes with e-TeX commands (HO)
)
\Hy@SavedSpaceFactor=\count289

(/usr/share/texlive/texmf-dist/tex/latex/hyperref/puenc.def
File: puenc.def 2021-06-07 v7.00m Hyperref: PDF Unicode definition (HO)
)
Package hyperref Info: Option `unicode' set `true' on input line 4073.
Package hyperref Info: Hyper figures OFF on input line 4192.
Package hyperref Info: Link nesting OFF on input line 4197.
Package hyperref Info: Hyper index ON on input line 4200.
Package hyperref Info: Plain pages OFF on input line 4207.
Package hyperref Info: Backreferencing OFF on input line 4212.
Package hyperref Info: Implicit mode ON; LaTeX internals redefined.
Package hyperref Info: Bookmarks ON on input line 4445.
\c@Hy@tempcnt=\count290
LaTeX Info: Redefining \url on input line 4804.
\XeTeXLinkMargin=\dimen152

(/usr/share/texlive/texmf-dist/tex/generic/bitset/bitset.sty
Package: bitset 2019/12/09 v1.3 Handle bit-vector datatype (HO)

(/usr/share/texlive/texmf-dist/tex/generic/bigintcalc/bigintcalc.sty
Package: bigintcalc 2019/12/15 v1.5 Expandable calculations on big integers (HO
)
))
\Fld@menulength=\count291
\Field@Width=\dimen153
\Fld@charsize=\dimen154
Package hyperref Info: Hyper figures OFF on input line 6076.
Package hyperref Info: Link nesting OFF on input line 6081.
Package hyperref Info: Hyper index ON on input line 6084.
Package hyperref Info: backreferencing OFF on input line 6091.
Package hyperref Info: Link coloring OFF on input line 6096.
Package hyperref Info: Link coloring with OCG OFF on input line 6101.
Package hyperref Info: PDF/A mode OFF on input line 6106.
LaTeX Info: Redefining \ref on input line 6146.
LaTeX Info: Redefining \pageref on input line 6150.

(/usr/share/texlive/texmf-dist/tex/latex/base/atbegshi-ltx.sty
Package: atbegshi-ltx 2021/01/10 v1.0c Emulation of the original atbegshi
package with kernel methods
)
\Hy@abspage=\count292
\c@Item=\count293
\c@Hfootnote=\count294
)
Package hyperref Info: Driver (autodetected): hluatex.

(/usr/share/texlive/texmf-dist/tex/latex/hyperref/hluatex.def
File: hluatex.def 2021-06-07 v7.00m Hyperref driver for luaTeX

(/usr/share/texlive/texmf-dist/tex/generic/stringenc/stringenc.sty
Package: stringenc 2019/11/29 v1.12 Convert strings between diff. encodings (HO
)
)
(/usr/share/texlive/texmf-dist/tex/latex/base/atveryend-ltx.sty
Package: atveryend-ltx 2020/08/19 v1.0a Emulation of the original atveryend pac
kage
with kernel methods
)
\Fld@listcount=\count295
\c@bookmark@seq@number=\count296

(/usr/share/texlive/texmf-dist/tex/latex/rerunfilecheck/rerunfilecheck.sty
Package: rerunfilecheck 2019/12/05 v1.9 Rerun checks for auxiliary files (HO)

(/usr/share/texlive/texmf-dist/tex/generic/uniquecounter/uniquecounter.sty
Package: uniquecounter 2019/12/15 v1.4 Provide unlimited unique counter (HO)
)
Package uniquecounter Info: New unique counter `rerunfilecheck' on input line 2
86.
)
\Hy@SectionHShift=\skip53
)
(/usr/share/texlive/texmf-dist/tex/latex/bookmark/bkm-pdftex.def
File: bkm-pdftex.def 2020-11-06 v1.29 bookmark driver for pdfTeX (HO)
\BKM@id=\count297
))
(/usr/share/texlive/texmf-dist/tex/latex/listings/listings.sty
\lst@mode=\count298
\lst@gtempboxa=\box54
\lst@token=\toks25
\lst@length=\count299
\lst@currlwidth=\dimen155
\lst@column=\count300
\lst@pos=\count301
\lst@lostspace=\dimen156
\lst@width=\dimen157
\lst@newlines=\count302
\lst@lineno=\count303
\lst@maxwidth=\dimen158

(/usr/share/texlive/texmf-dist/tex/latex/listings/lstmisc.sty
File: lstmisc.sty 2020/03/24 1.8d (Carsten Heinz)
\c@lstnumber=\count304
\lst@skipnumbers=\count305
\lst@framebox=\box55
)
(/usr/share/texlive/texmf-dist/tex/latex/listings/listings.cfg
File: listings.cfg 2020/03/24 1.8d listings configuration
))
Package: listings 2020/03/24 1.8d (Carsten Heinz)

(/usr/share/texlive/texmf-dist/tex/latex/tools/longtable.sty
Package: longtable 2021-09-01 v4.17 Multi-page Table package (DPC)
\LTleft=\skip54
\LTright=\skip55
\LTpre=\skip56
\LTpost=\skip57
\LTchunksize=\count306
\LTcapwidth=\dimen159
\LT@head=\box56
\LT@firsthead=\box57
\LT@foot=\box58
\LT@lastfoot=\box59
\LT@gbox=\box60
\LT@cols=\count307
\LT@rows=\count308
\c@LT@tables=\count309
\c@LT@chunks=\count310
\LT@p@ftn=\toks26
)
(/usr/share/texlive/texmf-dist/tex/latex/booktabs/booktabs.sty
Package: booktabs 2020/01/12 v1.61803398 Publication quality tables
\heavyrulewidth=\dimen160
\lightrulewidth=\dimen161
\cmidrulewidth=\dimen162
\belowrulesep=\dimen163
\belowbottomsep=\dimen164
\aboverulesep=\dimen165
\abovetopsep=\dimen166
\cmidrulesep=\dimen167
\cmidrulekern=\dimen168
\defaultaddspace=\dimen169
\@cmidla=\count311
\@cmidlb=\count312
\@aboverulesep=\dimen170
\@belowrulesep=\dimen171
\@thisruleclass=\count313
\@lastruleclass=\count314
\@thisrulewidth=\dimen172
)
(/usr/share/texlive/texmf-dist/tex/latex/footnotehyper/footnotehyper.sty
Package: footnotehyper 2021/08/13 v1.1e hyperref aware footnote.sty (JFB)
\FNH@notes=\box61
\FNH@width=\dimen173
\FNH@toks=\toks27
)
(/usr/share/texlive/texmf-dist/tex/latex/geometry/geometry.sty
Package: geometry 2020/01/02 v5.9 Page Geometry

(/usr/share/texlive/texmf-dist/tex/generic/iftex/ifvtex.sty
Package: ifvtex 2019/10/25 v1.7 ifvtex legacy package. Use iftex instead.
)
\Gm@cnth=\count315
\Gm@cntv=\count316
\c@Gm@tempcnt=\count317
\Gm@bindingoffset=\dimen174
\Gm@wd@mp=\dimen175
\Gm@odd@mp=\dimen176
\Gm@even@mp=\dimen177
\Gm@layoutwidth=\dimen178
\Gm@layoutheight=\dimen179
\Gm@layouthoffset=\dimen180
\Gm@layoutvoffset=\dimen181
\Gm@dimlist=\toks28
)
(/usr/share/texlive/texmf-dist/tex/latex/graphics/graphicx.sty
Package: graphicx 2021/09/16 v1.2d Enhanced LaTeX Graphics (DPC,SPQR)

(/usr/share/texlive/texmf-dist/tex/latex/graphics/graphics.sty
Package: graphics 2021/03/04 v1.4d Standard LaTeX Graphics (DPC,SPQR)

(/usr/share/texlive/texmf-dist/tex/latex/graphics/trig.sty
Package: trig 2021/08/11 v1.11 sin cos tan (DPC)
)
(/usr/share/texlive/texmf-dist/tex/latex/graphics-cfg/graphics.cfg
File: graphics.cfg 2016/06/04 v1.11 sample graphics configuration
)
Package graphics Info: Driver file: luatex.def on input line 107.
)
\Gin@req@height=\dimen182
\Gin@req@width=\dimen183
))
(./main.aux

LaTeX Warning: Label `meson.build' multiply defined.


LaTeX Warning: Label `tfeapplication.c' multiply defined.


LaTeX Warning: Label `example-code' multiply defined.


LaTeX Warning: Label `meson.build' multiply defined.


LaTeX Warning: Label `preference-dialog' multiply defined.


LaTeX Warning: Label `alert-dialog' multiply defined.


LaTeX Warning: Label `meson.build' multiply defined.


LaTeX Warning: Label `gtkdirectorylist' multiply defined.


LaTeX Warning: Label `compilation-and-execution' multiply defined.


LaTeX Warning: Label `signals' multiply defined.


LaTeX Warning: Label `signals-1' multiply defined.

)
\openout1 = main.aux

LaTeX Font Info:    Checking defaults for OML/cmm/m/it on input line 6.
LaTeX Font Info:    ... okay on input line 6.
LaTeX Font Info:    Checking defaults for OMS/cmsy/m/n on input line 6.
LaTeX Font Info:    ... okay on input line 6.
LaTeX Font Info:    Checking defaults for OT1/cmr/m/n on input line 6.
LaTeX Font Info:    ... okay on input line 6.
LaTeX Font Info:    Checking defaults for T1/cmr/m/n on input line 6.
LaTeX Font Info:    ... okay on input line 6.
LaTeX Font Info:    Checking defaults for TS1/cmr/m/n on input line 6.
LaTeX Font Info:    ... okay on input line 6.
LaTeX Font Info:    Checking defaults for TU/lmr/m/n on input line 6.
LaTeX Font Info:    ... okay on input line 6.
LaTeX Font Info:    Checking defaults for OMX/cmex/m/n on input line 6.
LaTeX Font Info:    ... okay on input line 6.
LaTeX Font Info:    Checking defaults for U/cmr/m/n on input line 6.
LaTeX Font Info:    ... okay on input line 6.
LaTeX Font Info:    Checking defaults for PD1/pdf/m/n on input line 6.
LaTeX Font Info:    ... okay on input line 6.
LaTeX Font Info:    Checking defaults for PU/pdf/m/n on input line 6.
LaTeX Font Info:    ... okay on input line 6.
LaTeX Font Info:    Overwriting math alphabet `\mathrm' in version `normal'
(Font)                  OT1/lmr/m/n --> TU/lmr/m/n on input line 6.
LaTeX Font Info:    Overwriting math alphabet `\mathit' in version `normal'
(Font)                  OT1/lmr/m/it --> TU/lmr/m/it on input line 6.
LaTeX Font Info:    Overwriting math alphabet `\mathbf' in version `normal'
(Font)                  OT1/lmr/bx/n --> TU/lmr/bx/n on input line 6.
LaTeX Font Info:    Overwriting math alphabet `\mathsf' in version `normal'
(Font)                  OT1/lmss/m/n --> TU/lmss/m/n on input line 6.
LaTeX Font Info:    Overwriting math alphabet `\mathsf' in version `bold'
(Font)                  OT1/lmss/bx/n --> TU/lmss/bx/n on input line 6.
LaTeX Font Info:    Overwriting math alphabet `\mathtt' in version `normal'
(Font)                  OT1/lmtt/m/n --> TU/lmtt/m/n on input line 6.
LaTeX Font Info:    Overwriting math alphabet `\mathtt' in version `bold'
(Font)                  OT1/lmtt/m/n --> TU/lmtt/bx/n on input line 6.

Package fontspec Info: latinmodern-math scale = 0.9999964596882403.


Package fontspec Info: latinmodern-math scale = 0.9999964596882403.


Package fontspec Info: latinmodern-math scale = 0.9999964596882403.


Package fontspec Info: Font family 'latinmodern-math.otf(0)' created for font
(fontspec)             'latinmodern-math.otf' with options
(fontspec)             [Scale=MatchLowercase,Renderer=Basic,BoldItalicFont={},I
talicFont={},SmallCapsFont={},Script=Math,FontAdjustment={\__um_luatex_copy_fon
tdimens:
(fontspec)             },BoldFont={latinmodern-math.otf}].
(fontspec)              
(fontspec)              This font family consists of the following NFSS
(fontspec)             series/shapes:
(fontspec)              
(fontspec)             - 'normal' (m/n) with NFSS spec.:
(fontspec)             <->s*[0.9999964596882403]"[latinmodern-math.otf]:mode=ba
se;script=math;language=dflt;"
(fontspec)             - 'small caps'  (m/sc) with NFSS spec.: 
(fontspec)             and font adjustment code:
(fontspec)             \__um_luatex_copy_fontdimens: 
(fontspec)             - 'bold' (b/n) with NFSS spec.:
(fontspec)             <->s*[0.9999964596882403]"[latinmodern-math.otf]:mode=ba
se;script=math;language=dflt;"
(fontspec)             - 'bold small caps'  (b/sc) with NFSS spec.: 
(fontspec)             and font adjustment code:
(fontspec)             \__um_luatex_copy_fontdimens: 

LaTeX Font Info:    Font shape `TU/latinmodern-math.otf(0)/m/n' will be
(Font)              scaled to size 10.0pt on input line 6.

Package fontspec Info: latinmodern-math scale = 0.9999964596882403.


Package fontspec Info: latinmodern-math scale = 0.9999964596882403.


Package fontspec Info: latinmodern-math scale = 0.9999964596882403.


Package fontspec Info: latinmodern-math scale = 0.9999964596882403.


Package fontspec Info: latinmodern-math scale = 0.9999964596882403.


Package fontspec Info: Font family 'latinmodern-math.otf(1)' created for font
(fontspec)             'latinmodern-math.otf' with options
(fontspec)             [Scale=MatchLowercase,Renderer=Basic,BoldItalicFont={},I
talicFont={},SmallCapsFont={},Script=Math,SizeFeatures={{Size=8.5-},{Size=6-8.5
,Font=latinmodern-math.otf,Style=MathScript},{Size=-6,Font=latinmodern-math.otf
,Style=MathScriptScript}},FontAdjustment={\__um_luatex_copy_fontdimens:
(fontspec)             },BoldFont={latinmodern-math.otf}].
(fontspec)              
(fontspec)              This font family consists of the following NFSS
(fontspec)             series/shapes:
(fontspec)              
(fontspec)             - 'normal' (m/n) with NFSS spec.:
(fontspec)             <8.5->s*[0.9999964596882403]"[latinmodern-math.otf]:mode
=base;script=math;language=dflt;"<6-8.5>s*[0.9999964596882403]"[latinmodern-mat
h.otf]:mode=base;script=math;language=dflt;+ssty=0;"<-6>s*[0.9999964596882403]"
[latinmodern-math.otf]:mode=base;script=math;language=dflt;+ssty=1;"
(fontspec)             - 'small caps'  (m/sc) with NFSS spec.: 
(fontspec)             and font adjustment code:
(fontspec)             \__um_luatex_copy_fontdimens: 
(fontspec)             - 'bold' (b/n) with NFSS spec.:
(fontspec)             <->s*[0.9999964596882403]"[latinmodern-math.otf]:mode=ba
se;script=math;language=dflt;"
(fontspec)             - 'bold small caps'  (b/sc) with NFSS spec.: 
(fontspec)             and font adjustment code:
(fontspec)             \__um_luatex_copy_fontdimens: 

LaTeX Font Info:    Font shape `TU/latinmodern-math.otf(1)/m/n' will be
(Font)              scaled to size 10.0pt on input line 6.
LaTeX Font Info:    Encoding `OT1' has changed to `TU' for symbol font
(Font)              `operators' in the math version `normal' on input line 6.
LaTeX Font Info:    Overwriting symbol font `operators' in version `normal'
(Font)                  OT1/lmr/m/n --> TU/latinmodern-math.otf(1)/m/n on input
 line 6.
LaTeX Font Info:    Encoding `OT1' has changed to `TU' for symbol font
(Font)              `operators' in the math version `bold' on input line 6.
LaTeX Font Info:    Overwriting symbol font `operators' in version `bold'
(Font)                  OT1/lmr/bx/n --> TU/latinmodern-math.otf(1)/b/n on inpu
t line 6.

Package fontspec Info: latinmodern-math scale = 0.9999964596882403.


Package fontspec Info: latinmodern-math scale = 1.000096459334209.


Package fontspec Info: latinmodern-math scale = 0.9999964596882403.


Package fontspec Info: latinmodern-math scale = 1.000096459334209.


Package fontspec Info: latinmodern-math scale = 0.9999964596882403.


Package fontspec Info: latinmodern-math scale = 1.000096459334209.


Package fontspec Info: latinmodern-math scale = 0.9999964596882403.


Package fontspec Info: latinmodern-math scale = 1.000096459334209.


Package fontspec Info: latinmodern-math scale = 0.9999964596882403.


Package fontspec Info: latinmodern-math scale = 1.000096459334209.


Package fontspec Info: Font family 'latinmodern-math.otf(2)' created for font
(fontspec)             'latinmodern-math.otf' with options
(fontspec)             [Scale=MatchLowercase,Renderer=Basic,BoldItalicFont={},I
talicFont={},SmallCapsFont={},Script=Math,SizeFeatures={{Size=8.5-},{Size=6-8.5
,Font=latinmodern-math.otf,Style=MathScript},{Size=-6,Font=latinmodern-math.otf
,Style=MathScriptScript}},FontAdjustment={\__um_luatex_copy_fontdimens:
(fontspec)             },BoldFont={latinmodern-math.otf},ScaleAgain=1.0001,Font
Adjustment={\fontdimen
(fontspec)             8\font =6.76999pt\relax \fontdimen 9\font
(fontspec)             =3.93999pt\relax \fontdimen 10\font =4.43999pt\relax
(fontspec)             \fontdimen 11\font =6.85999pt\relax \fontdimen 12\font
(fontspec)             =3.45pt\relax \fontdimen 13\font =3.62999pt\relax
(fontspec)             \fontdimen 14\font =3.62999pt\relax \fontdimen 15\font
(fontspec)             =2.89pt\relax \fontdimen 16\font =2.46999pt\relax
(fontspec)             \fontdimen 17\font =2.46999pt\relax \fontdimen 18\font
(fontspec)             =2.5pt\relax \fontdimen 19\font =2.0pt\relax \fontdimen
(fontspec)             22\font =2.5pt\relax \fontdimen 20\font =0pt\relax
(fontspec)             \fontdimen 21\font =0pt\relax }].
(fontspec)              
(fontspec)              This font family consists of the following NFSS
(fontspec)             series/shapes:
(fontspec)              
(fontspec)             - 'normal' (m/n) with NFSS spec.:
(fontspec)             <8.5->s*[1.000096459334209]"[latinmodern-math.otf]:mode=
base;script=math;language=dflt;"<6-8.5>s*[1.000096459334209]"[latinmodern-math.
otf]:mode=base;script=math;language=dflt;+ssty=0;"<-6>s*[1.000096459334209]"[la
tinmodern-math.otf]:mode=base;script=math;language=dflt;+ssty=1;"
(fontspec)             - 'small caps'  (m/sc) with NFSS spec.: 
(fontspec)             and font adjustment code:
(fontspec)             \__um_luatex_copy_fontdimens: \fontdimen 8\font
(fontspec)             =6.76999pt\relax \fontdimen 9\font =3.93999pt\relax
(fontspec)             \fontdimen 10\font =4.43999pt\relax \fontdimen 11\font
(fontspec)             =6.85999pt\relax \fontdimen 12\font =3.45pt\relax
(fontspec)             \fontdimen 13\font =3.62999pt\relax \fontdimen 14\font
(fontspec)             =3.62999pt\relax \fontdimen 15\font =2.89pt\relax
(fontspec)             \fontdimen 16\font =2.46999pt\relax \fontdimen 17\font
(fontspec)             =2.46999pt\relax \fontdimen 18\font =2.5pt\relax
(fontspec)             \fontdimen 19\font =2.0pt\relax \fontdimen 22\font
(fontspec)             =2.5pt\relax \fontdimen 20\font =0pt\relax \fontdimen
(fontspec)             21\font =0pt\relax 
(fontspec)             - 'bold' (b/n) with NFSS spec.:
(fontspec)             <->s*[1.000096459334209]"[latinmodern-math.otf]:mode=bas
e;script=math;language=dflt;"
(fontspec)             - 'bold small caps'  (b/sc) with NFSS spec.: 
(fontspec)             and font adjustment code:
(fontspec)             \__um_luatex_copy_fontdimens: \fontdimen 8\font
(fontspec)             =6.76999pt\relax \fontdimen 9\font =3.93999pt\relax
(fontspec)             \fontdimen 10\font =4.43999pt\relax \fontdimen 11\font
(fontspec)             =6.85999pt\relax \fontdimen 12\font =3.45pt\relax
(fontspec)             \fontdimen 13\font =3.62999pt\relax \fontdimen 14\font
(fontspec)             =3.62999pt\relax \fontdimen 15\font =2.89pt\relax
(fontspec)             \fontdimen 16\font =2.46999pt\relax \fontdimen 17\font
(fontspec)             =2.46999pt\relax \fontdimen 18\font =2.5pt\relax
(fontspec)             \fontdimen 19\font =2.0pt\relax \fontdimen 22\font
(fontspec)             =2.5pt\relax \fontdimen 20\font =0pt\relax \fontdimen
(fontspec)             21\font =0pt\relax 

LaTeX Font Info:    Encoding `OMS' has changed to `TU' for symbol font
(Font)              `symbols' in the math version `normal' on input line 6.
LaTeX Font Info:    Overwriting symbol font `symbols' in version `normal'
(Font)                  OMS/lmsy/m/n --> TU/latinmodern-math.otf(2)/m/n on inpu
t line 6.
LaTeX Font Info:    Encoding `OMS' has changed to `TU' for symbol font
(Font)              `symbols' in the math version `bold' on input line 6.
LaTeX Font Info:    Overwriting symbol font `symbols' in version `bold'
(Font)                  OMS/lmsy/b/n --> TU/latinmodern-math.otf(2)/b/n on inpu
t line 6.

Package fontspec Info: latinmodern-math scale = 0.9999964596882403.


Package fontspec Info: latinmodern-math scale = 0.9998964600422715.


Package fontspec Info: latinmodern-math scale = 0.9999964596882403.


Package fontspec Info: latinmodern-math scale = 0.9998964600422715.


Package fontspec Info: latinmodern-math scale = 0.9999964596882403.


Package fontspec Info: latinmodern-math scale = 0.9998964600422715.


Package fontspec Info: latinmodern-math scale = 0.9999964596882403.


Package fontspec Info: latinmodern-math scale = 0.9998964600422715.


Package fontspec Info: latinmodern-math scale = 0.9999964596882403.


Package fontspec Info: latinmodern-math scale = 0.9998964600422715.


Package fontspec Info: Font family 'latinmodern-math.otf(3)' created for font
(fontspec)             'latinmodern-math.otf' with options
(fontspec)             [Scale=MatchLowercase,Renderer=Basic,BoldItalicFont={},I
talicFont={},SmallCapsFont={},Script=Math,SizeFeatures={{Size=8.5-},{Size=6-8.5
,Font=latinmodern-math.otf,Style=MathScript},{Size=-6,Font=latinmodern-math.otf
,Style=MathScriptScript}},FontAdjustment={\__um_luatex_copy_fontdimens:
(fontspec)             },BoldFont={latinmodern-math.otf},ScaleAgain=0.9999,Font
Adjustment={\fontdimen
(fontspec)             8\font =0.4pt\relax \fontdimen 9\font =2.0pt\relax
(fontspec)             \fontdimen 10\font =1.67pt\relax \fontdimen 11\font
(fontspec)             =1.10999pt\relax \fontdimen 12\font =6.0pt\relax
(fontspec)             \fontdimen 13\font =0pt\relax }].
(fontspec)              
(fontspec)              This font family consists of the following NFSS
(fontspec)             series/shapes:
(fontspec)              
(fontspec)             - 'normal' (m/n) with NFSS spec.:
(fontspec)             <8.5->s*[0.9998964600422715]"[latinmodern-math.otf]:mode
=base;script=math;language=dflt;"<6-8.5>s*[0.9998964600422715]"[latinmodern-mat
h.otf]:mode=base;script=math;language=dflt;+ssty=0;"<-6>s*[0.9998964600422715]"
[latinmodern-math.otf]:mode=base;script=math;language=dflt;+ssty=1;"
(fontspec)             - 'small caps'  (m/sc) with NFSS spec.: 
(fontspec)             and font adjustment code:
(fontspec)             \__um_luatex_copy_fontdimens: \fontdimen 8\font
(fontspec)             =0.4pt\relax \fontdimen 9\font =2.0pt\relax \fontdimen
(fontspec)             10\font =1.67pt\relax \fontdimen 11\font
(fontspec)             =1.10999pt\relax \fontdimen 12\font =6.0pt\relax
(fontspec)             \fontdimen 13\font =0pt\relax 
(fontspec)             - 'bold' (b/n) with NFSS spec.:
(fontspec)             <->s*[0.9998964600422715]"[latinmodern-math.otf]:mode=ba
se;script=math;language=dflt;"
(fontspec)             - 'bold small caps'  (b/sc) with NFSS spec.: 
(fontspec)             and font adjustment code:
(fontspec)             \__um_luatex_copy_fontdimens: \fontdimen 8\font
(fontspec)             =0.4pt\relax \fontdimen 9\font =2.0pt\relax \fontdimen
(fontspec)             10\font =1.67pt\relax \fontdimen 11\font
(fontspec)             =1.10999pt\relax \fontdimen 12\font =6.0pt\relax
(fontspec)             \fontdimen 13\font =0pt\relax 

LaTeX Font Info:    Encoding `OMX' has changed to `TU' for symbol font
(Font)              `largesymbols' in the math version `normal' on input line 6
.
LaTeX Font Info:    Overwriting symbol font `largesymbols' in version `normal'
(Font)                  OMX/lmex/m/n --> TU/latinmodern-math.otf(3)/m/n on inpu
t line 6.
LaTeX Font Info:    Encoding `OMX' has changed to `TU' for symbol font
(Font)              `largesymbols' in the math version `bold' on input line 6.
LaTeX Font Info:    Overwriting symbol font `largesymbols' in version `bold'
(Font)                  OMX/lmex/m/n --> TU/latinmodern-math.otf(3)/b/n on inpu
t line 6.
LaTeX Font Info:    Font shape `TU/latinmodern-math.otf(1)/m/n' will be
(Font)              scaled to size 7.0pt on input line 6.
LaTeX Font Info:    Font shape `TU/latinmodern-math.otf(1)/m/n' will be
(Font)              scaled to size 5.0pt on input line 6.
LaTeX Font Info:    Trying to load font information for OML+lmm on input line 6
.
 (/usr/share/texmf/tex/latex/lm/omllmm.fd
File: omllmm.fd 2009/10/30 v1.6 Font defs for Latin Modern
)
LaTeX Font Info:    Font shape `TU/latinmodern-math.otf(2)/m/n' will be
(Font)              scaled to size 10.00092pt on input line 6.
LaTeX Font Info:    Font shape `TU/latinmodern-math.otf(2)/m/n' will be
(Font)              scaled to size 7.00064pt on input line 6.
LaTeX Font Info:    Font shape `TU/latinmodern-math.otf(2)/m/n' will be
(Font)              scaled to size 5.00046pt on input line 6.
LaTeX Font Info:    Font shape `TU/latinmodern-math.otf(3)/m/n' will be
(Font)              scaled to size 9.99893pt on input line 6.
LaTeX Font Info:    Font shape `TU/latinmodern-math.otf(3)/m/n' will be
(Font)              scaled to size 6.99925pt on input line 6.
LaTeX Font Info:    Font shape `TU/latinmodern-math.otf(3)/m/n' will be
(Font)              scaled to size 4.99947pt on input line 6.
LaTeX Font Info:    Trying to load font information for U+msa on input line 6.

(/usr/share/texlive/texmf-dist/tex/latex/amsfonts/umsa.fd
File: umsa.fd 2013/01/14 v3.01 AMS symbols A
)
LaTeX Font Info:    Trying to load font information for U+msb on input line 6.

(/usr/share/texlive/texmf-dist/tex/latex/amsfonts/umsb.fd
File: umsb.fd 2013/01/14 v3.01 AMS symbols B
)
LaTeX Info: Redefining \microtypecontext on input line 6.
Package microtype Info: Applying patch `item' on input line 6.
Package microtype Info: Applying patch `toc' on input line 6.
Package microtype Info: Applying patch `eqnum' on input line 6.
Package microtype Info: Applying patch `footnote' on input line 6.
Package microtype Info: Generating PDF output.
Package microtype Info: Character protrusion enabled (level 2).
Package microtype Info: Using protrusion set `basicmath'.
Package microtype Info: Automatic font expansion enabled (level 2),
(microtype)             stretch: 20, shrink: 20, step: 1, non-selected.
Package microtype Info: Using default expansion set `alltext-nott'.
LaTeX Info: Redefining \showhyphens on input line 6.
Package microtype Info: No adjustment of tracking.
Package microtype Info: No adjustment of spacing.
Package microtype Info: No adjustment of kerning.

(/usr/share/texlive/texmf-dist/tex/latex/microtype/mt-LatinModernRoman.cfg
File: mt-LatinModernRoman.cfg 2021/02/21 v1.1 microtype config. file: Latin Mod
ern Roman (RS)
)
(/usr/share/texlive/texmf-dist/tex/context/base/mkii/supp-pdf.mkii
[Loading MPS to PDF converter (version 2006.09.02).]
\scratchcounter=\count318
\scratchdimen=\dimen184
\scratchbox=\box62
\nofMPsegments=\count319
\nofMParguments=\count320
\everyMPshowfont=\toks29
\MPscratchCnt=\count321
\MPscratchDim=\dimen185
\MPnumerator=\count322
\makeMPintoPDFobject=\count323
\everyMPtoPDFconversion=\toks30
) (/usr/share/texlive/texmf-dist/tex/latex/epstopdf-pkg/epstopdf-base.sty
Package: epstopdf-base 2020-01-24 v2.11 Base part for package epstopdf
Package epstopdf-base Info: Redefining graphics rule for `.eps' on input line 4
85.

(/usr/share/texlive/texmf-dist/tex/latex/latexconfig/epstopdf-sys.cfg
File: epstopdf-sys.cfg 2010/07/13 v1.3 Configuration of (r)epstopdf for TeX Liv
e
))
Package hyperref Info: Link coloring OFF on input line 6.

(/usr/share/texlive/texmf-dist/tex/latex/hyperref/nameref.sty
Package: nameref 2021-04-02 v2.47 Cross-referencing by name of section

(/usr/share/texlive/texmf-dist/tex/latex/refcount/refcount.sty
Package: refcount 2019/12/15 v3.6 Data extraction from label references (HO)
)
(/usr/share/texlive/texmf-dist/tex/generic/gettitlestring/gettitlestring.sty
Package: gettitlestring 2019/12/15 v1.6 Cleanup title references (HO)
)
\c@section@level=\count324
)
LaTeX Info: Redefining \ref on input line 6.
LaTeX Info: Redefining \pageref on input line 6.
LaTeX Info: Redefining \nameref on input line 6.
\c@lstlisting=\count325

*geometry* driver: auto-detecting
*geometry* detected driver: luatex
*geometry* verbose mode - [ preamble ] result:
* driver: luatex
* paper: a4paper
* layout: <same size as paper>
* layoutoffset:(h,v)=(0.0pt,0.0pt)
* modes: 
* h-part:(L,W,R)=(68.28644pt, 460.935pt, 68.28644pt)
* v-part:(T,H,B)=(68.28644pt, 708.47397pt, 68.28644pt)
* \paperwidth=597.50787pt
* \paperheight=845.04684pt
* \textwidth=460.935pt
* \textheight=708.47397pt
* \oddsidemargin=-3.98355pt
* \evensidemargin=-3.98355pt
* \topmargin=-40.98355pt
* \headheight=12.0pt
* \headsep=25.0pt
* \topskip=10.0pt
* \footskip=30.0pt
* \marginparwidth=57.0pt
* \marginparsep=11.0pt
* \columnsep=10.0pt
* \skip\footins=9.0pt plus 4.0pt minus 2.0pt
* \hoffset=0.0pt
* \voffset=0.0pt
* \mag=1000
* \@twocolumnfalse
* \@twosidefalse
* \@mparswitchfalse
* \@reversemarginfalse
* (1in=72.27pt=25.4mm, 1cm=28.453pt)

LaTeX Font Info:    Font shape `TU/latinmodern-math.otf(1)/m/n' will be
(Font)              scaled to size 12.0pt on input line 8.
LaTeX Font Info:    Font shape `TU/latinmodern-math.otf(1)/m/n' will be
(Font)              scaled to size 8.0pt on input line 8.
LaTeX Font Info:    Font shape `TU/latinmodern-math.otf(1)/m/n' will be
(Font)              scaled to size 6.0pt on input line 8.
LaTeX Font Info:    Font shape `TU/latinmodern-math.otf(2)/m/n' will be
(Font)              scaled to size 12.0011pt on input line 8.
LaTeX Font Info:    Font shape `TU/latinmodern-math.otf(2)/m/n' will be
(Font)              scaled to size 8.00073pt on input line 8.
LaTeX Font Info:    Font shape `TU/latinmodern-math.otf(2)/m/n' will be
(Font)              scaled to size 6.00055pt on input line 8.
LaTeX Font Info:    Font shape `TU/latinmodern-math.otf(3)/m/n' will be
(Font)              scaled to size 11.99872pt on input line 8.
LaTeX Font Info:    Font shape `TU/latinmodern-math.otf(3)/m/n' will be
(Font)              scaled to size 7.99915pt on input line 8.
LaTeX Font Info:    Font shape `TU/latinmodern-math.otf(3)/m/n' will be
(Font)              scaled to size 5.99936pt on input line 8.
(/usr/share/texlive/texmf-dist/tex/latex/microtype/mt-msa.cfg
File: mt-msa.cfg 2006/02/04 v1.1 microtype config. file: AMS symbols (a) (RS)
)
(/usr/share/texlive/texmf-dist/tex/latex/microtype/mt-msb.cfg
File: mt-msb.cfg 2005/06/01 v1.0 microtype config. file: AMS symbols (b) (RS)
) (./abstract.tex) [1

{/var/lib/texmf/fonts/map/pdftex/updmap/pdftex.map}] (./main.toc [2]
[3] [4] [5] [6])
\tf@toc=\write3

\openout3 = main.toc
 [7] (./sec1.tex) (./sec2.tex [8] [9]
Overfull \hbox (3.46973pt too wide) in paragraph at lines 172--173
[][][][][][][][][][][][][][][][][][][][][][][][][][][]  
 []

[10]
Overfull \hbox (3.46973pt too wide) in paragraph at lines 298--299
[][][][][][][][][][][][][][][][][][][][][][][][][][][]  
 []

[11] [12]) (./sec3.tex [13]
(/usr/share/texlive/texmf-dist/tex/latex/listings/lstlang1.sty
File: lstlang1.sty 2020/03/24 1.8d listings language file
)
(/usr/share/texlive/texmf-dist/tex/latex/listings/lstmisc.sty
File: lstmisc.sty 2020/03/24 1.8d (Carsten Heinz)
) [14] [15]
<../image/window_widget.png, id=898, 144.54pt x 96.36pt>
File: ../image/window_widget.png Graphic file (type png)
<use ../image/window_widget.png>
Package luatex.def Info: ../image/window_widget.png  used on input line 294.
(luatex.def)             Requested size: 256.08939pt x 170.71594pt.

[16]
<../image/screenshot_pr3.png, id=937, 220.825pt x 255.95625pt>
File: ../image/screenshot_pr3.png Graphic file (type png)
<use ../image/screenshot_pr3.png>
Package luatex.def Info: ../image/screenshot_pr3.png  used on input line 373.
(luatex.def)             Requested size: 93.89487pt x 108.83269pt.
 [17<../image/window_widget.png>]
<../image/screenshot_pr4.png, id=958, 421.575pt x 356.33125pt>
File: ../image/screenshot_pr4.png Graphic file (type png)
<use ../image/screenshot_pr4.png>
Package luatex.def Info: ../image/screenshot_pr4.png  used on input line 412.
(luatex.def)             Requested size: 179.25383pt x 151.50673pt.
) (./sec4.tex [18<../image/screenshot_pr3.png><../image/screenshot_pr4.png>]
<../image/screenshot_lb1.png, id=989, 421.575pt x 356.33125pt>
File: ../image/screenshot_lb1.png Graphic file (type png)
<use ../image/screenshot_lb1.png>
Package luatex.def Info: ../image/screenshot_lb1.png  used on input line 58.
(luatex.def)             Requested size: 179.25383pt x 151.50673pt.
 [19<../image/screenshot_lb1.png>]
<../image/screenshot_lb2.png, id=1037, 749.80125pt x 464.73625pt>
File: ../image/screenshot_lb2.png Graphic file (type png)
<use ../image/screenshot_lb2.png>
Package luatex.def Info: ../image/screenshot_lb2.png  used on input line 175.
(luatex.def)             Requested size: 318.81577pt x 197.59892pt.
 [20]
[21<../image/screenshot_lb2.png>]
<../image/box.png, id=1121, 124.0635pt x 33.0033pt>
File: ../image/box.png Graphic file (type png)
<use ../image/box.png>
Package luatex.def Info: ../image/box.png  used on input line 299.
(luatex.def)             Requested size: 219.7987pt x 58.47574pt.
 [22<../image/box.png>]
<../image/screenshot_lb4.png, id=1158, 421.575pt x 356.33125pt>
File: ../image/screenshot_lb4.png Graphic file (type png)
<use ../image/screenshot_lb4.png>
Package luatex.def Info: ../image/screenshot_lb4.png  used on input line 386.
(luatex.def)             Requested size: 179.25383pt x 151.50673pt.
) (./sec5.tex [23]
[24<../image/screenshot_lb4.png>]
<../image/screenshot_tfv1.png, id=1258, 421.575pt x 356.33125pt>
File: ../image/screenshot_tfv1.png Graphic file (type png)
<use ../image/screenshot_tfv1.png>
Package luatex.def Info: ../image/screenshot_tfv1.png  used on input line 84.
(luatex.def)             Requested size: 179.25383pt x 151.50673pt.
 [25<../image/screenshot_tfv1.png>])
(./sec6.tex [26] [27] [28]) (./sec7.tex [29]
Overfull \hbox (5.2105pt too wide) in paragraph at lines 59--63
[]\TU/lmr/m/n/10 There are ten flags in to-tal, but we only need two of them so far. We
’ve al-ready used [][][],
 []

[30]
<../image/screenshot_tfv3.png, id=1460, 421.575pt x 356.33125pt>
File: ../image/screenshot_tfv3.png Graphic file (type png)
<use ../image/screenshot_tfv3.png>
Package luatex.def Info: ../image/screenshot_tfv3.png  used on input line 218.
(luatex.def)             Requested size: 179.25383pt x 151.50673pt.
 [31]
<../image/screenshot_gtk_notebook.png, id=1529, 211.992pt x 85.5195pt>
File: ../image/screenshot_gtk_notebook.png Graphic file (type png)
<use ../image/screenshot_gtk_notebook.png>
Package luatex.def Info: ../image/screenshot_gtk_notebook.png  used on input li
ne 306.
(luatex.def)             Requested size: 375.61397pt x 151.51692pt.
 [32<../image/screenshot_tfv3.png>] [33<../image/screenshot_gtk_notebook.png>] 
[34]) (./sec8.tex
<../image/child.png, id=1640, 155.3805pt x 78.5334pt>
File: ../image/child.png Graphic file (type png)
<use ../image/child.png>
Package luatex.def Info: ../image/child.png  used on input line 61.
(luatex.def)             Requested size: 275.28897pt x 139.13712pt.
 [35<../image/child.png>] [36] [37] [38] [39])
(./sec9.tex
<../image/screenshot_tfe2.png, id=1861, 622.325pt x 456.70625pt>
File: ../image/screenshot_tfe2.png Graphic file (type png)
<use ../image/screenshot_tfe2.png>
Package luatex.def Info: ../image/screenshot_tfe2.png  used on input line 17.
(luatex.def)             Requested size: 264.61281pt x 194.1847pt.
 [40] [41<../image/screenshot_tfe2.png>]
(/usr/share/texlive/texmf-dist/tex/latex/listings/lstlang1.sty
File: lstlang1.sty 2020/03/24 1.8d listings language file
)
(/usr/share/texlive/texmf-dist/tex/latex/listings/lstmisc.sty
File: lstmisc.sty 2020/03/24 1.8d (Carsten Heinz)
) [42] [43]
[44] [45] [46]) (./sec10.tex [47] [48] [49]
(/usr/share/texlive/texmf-dist/tex/latex/listings/lstlang1.sty
File: lstlang1.sty 2020/03/24 1.8d listings language file
)
(/usr/share/texlive/texmf-dist/tex/latex/listings/lstlang2.sty
File: lstlang2.sty 2020/03/24 1.8d listings language file
)
(/usr/share/texlive/texmf-dist/tex/latex/listings/lstmisc.sty
File: lstmisc.sty 2020/03/24 1.8d (Carsten Heinz)
) [50]
(/usr/share/texlive/texmf-dist/tex/latex/listings/lstlang1.sty
File: lstlang1.sty 2020/03/24 1.8d listings language file
)
(/usr/share/texlive/texmf-dist/tex/latex/listings/lstlang2.sty
File: lstlang2.sty 2020/03/24 1.8d listings language file
) [51] [52])
(./sec11.tex [53]
<../image/TfeTextView.png, id=2496, 1003.75pt x 150.5625pt>
File: ../image/TfeTextView.png Graphic file (type png)
<use ../image/TfeTextView.png>
Package luatex.def Info: ../image/TfeTextView.png  used on input line 135.
(luatex.def)             Requested size: 409.44188pt x 61.45763pt.
 [54<../image/TfeTextView.png>] [55] [56] [57]
<../image/TfeTextViewClass.png, id=2703, 1072.005pt x 558.085pt>
File: ../image/TfeTextViewClass.png Graphic file (type png)
<use ../image/TfeTextViewClass.png>
Package luatex.def Info: ../image/TfeTextViewClass.png  used on input line 479.

(luatex.def)             Requested size: 455.80057pt x 237.29794pt.
<../image/refcount.png, id=2704, 1060.96375pt x 165.61874pt>
File: ../image/refcount.png Graphic file (type png)
<use ../image/refcount.png>
Package luatex.def Info: ../image/refcount.png  used on input line 506.
(luatex.def)             Requested size: 451.12218pt x 70.42114pt.
 [58] [59<../image/TfeTextViewClass.png><../image/refcount.png>]
<../image/dispose_handler.png, id=2747, 998.73125pt x 298.11375pt>
File: ../image/dispose_handler.png Graphic file (type png)
<use ../image/dispose_handler.png>
Package luatex.def Info: ../image/dispose_handler.png  used on input line 581.
(luatex.def)             Requested size: 424.66089pt x 126.75807pt.
) (./sec12.tex [60<../image/dispose_handler.png>] [61] [62]) (./sec13.tex [63] 
[64] [65] [66]
Overfull \hbox (1.15474pt too wide) in paragraph at lines 313--323
[]\TU/lmr/m/n/10 1-26: [][][] func-tion. This func-tion is called from [][][] an
d [][][].
 []

<../image/saveas.png, id=3037, 537.00626pt x 258.9675pt>
File: ../image/saveas.png Graphic file (type png)
<use ../image/saveas.png>
Package luatex.def Info: ../image/saveas.png  used on input line 420.
(luatex.def)             Requested size: 304.44154pt x 146.8227pt.
[67] [68<../image/saveas.png>]
<../image/open.png, id=3080, 830.10126pt x 617.30624pt>
File: ../image/open.png Graphic file (type png)
<use ../image/open.png>
Package luatex.def Info: ../image/open.png  used on input line 568.
(luatex.def)             Requested size: 352.9467pt x 262.47884pt.
 [69]) (./sec14.tex [70<../image/open.png>]
[71] [72] [73] [74]) (./sec15.tex [75] [76]
Overfull \hbox (8.45628pt too wide) in paragraph at lines 215--224
[]\TU/lmr/m/n/10 31: Adds the provider to the dis-play. The last ar-gu-ment of 
[][][]
 []

[77]
Underfull \hbox (badness 1231) in paragraph at lines 320--328
[]\TU/lmr/m/n/10 When first in-stance is launched, then it reg-is-ters it-self 
with its ap-pli-ca-tion ID (for ex-am-ple,
 []

[78]) (./sec16.tex [79]
warning  (pdf backend): ignoring duplicate destination with the name 'meson.buil
d'
[80]
warning  (pdf backend): ignoring duplicate destination with the name 'tfeapplica
tion.c'
[81] [82] [83] [84] [85] [86] [87] [88] [89]) (./sec17.tex
<../image/menu.png, id=4130, 400.49625pt x 338.26375pt>
File: ../image/menu.png Graphic file (type png)
<use ../image/menu.png>
Package luatex.def Info: ../image/menu.png  used on input line 12.
(luatex.def)             Requested size: 170.29115pt x 143.82986pt.
<../image/menu_structure.png, id=4131, 684.5575pt x 238.8925pt>
File: ../image/menu_structure.png Graphic file (type png)
<use ../image/menu_structure.png>
Package luatex.def Info: ../image/menu_structure.png  used on input line 32.
(luatex.def)             Requested size: 291.0741pt x 101.57352pt.
 [90] [91<../image/menu.png><../image/menu_structure.png>] [92]
<../image/menu1.png, id=4242, 840.13875pt x 219.82124pt>
File: ../image/menu1.png Graphic file (type png)
<use ../image/menu1.png>
Package luatex.def Info: ../image/menu1.png  used on input line 318.
(luatex.def)             Requested size: 357.22731pt x 93.4647pt.
<../image/menu1_screenshot.png, id=4243, 401.5pt x 342.27875pt>
File: ../image/menu1_screenshot.png Graphic file (type png)
<use ../image/menu1_screenshot.png>
Package luatex.def Info: ../image/menu1_screenshot.png  used on input line 324.

(luatex.def)             Requested size: 170.71794pt x 145.53703pt.
) (./sec18.tex [93] [94<../image/menu1.png><../image/menu1_screenshot.png>] [95
] [96]
<../image/menu2.png, id=4351, 403.5075pt x 342.27875pt>
File: ../image/menu2.png Graphic file (type png)
<use ../image/menu2.png>
Package luatex.def Info: ../image/menu2.png  used on input line 310.
(luatex.def)             Requested size: 171.57153pt x 145.53703pt.
 [97<../image/menu2.png>]
[98] [99]) (./sec19.tex
<../image/menu3.png, id=4484, 401.5pt x 338.26375pt>
File: ../image/menu3.png Graphic file (type png)
<use ../image/menu3.png>
Package luatex.def Info: ../image/menu3.png  used on input line 70.
(luatex.def)             Requested size: 170.71794pt x 143.82986pt.
 [100] [101<../image/menu3.png>] [102]
warning  (pdf backend): ignoring duplicate destination with the name 'example-co
de'
[103] [104]) (./sec20.tex [105] [106]
Overfull \hbox (60.17815pt too wide) in paragraph at lines 157--161
[]\TU/lmr/m/n/10 Ac-cel-er-a-tors are a kind of short cut key func-tion. They ar
e de-fined with ar-rays and [][][]
 []

[107] [108] [109] [110]
<../image/dialog_warning.png, id=5031, 100.9371pt x 39.0258pt>
File: ../image/dialog_warning.png Graphic file (type png)
<use ../image/dialog_warning.png>
Package luatex.def Info: ../image/dialog_warning.png  used on input line 530.
(luatex.def)             Requested size: 119.22487pt x 46.09589pt.
 [111<../image/dialog_warning.png>] [112] [113] [114]
Overfull \hbox (13.09154pt too wide) in paragraph at lines 886--889
[]\TU/lmr/m/n/10 Gtk-FontChooser is an in-ter-face im-ple-mented by Gtk-Font-But
-ton. The func-tion [][][]
 []

[115] [116] [117] [118]
<../image/gnome_calculator_basic.png, id=5396, 357.335pt x 399.4925pt>
File: ../image/gnome_calculator_basic.png Graphic file (type png)
<use ../image/gnome_calculator_basic.png>
Package luatex.def Info: ../image/gnome_calculator_basic.png  used on input lin
e 1247.
(luatex.def)             Requested size: 151.93896pt x 169.86435pt.
<../image/gnome_calculator_advanced.png, id=5397, 718.685pt x 477.785pt>
File: ../image/gnome_calculator_advanced.png Graphic file (type png)
<use ../image/gnome_calculator_advanced.png>
Package luatex.def Info: ../image/gnome_calculator_advanced.png  used on input 
line 1255.
(luatex.def)             Requested size: 305.58513pt x 203.14706pt.
 [119] [120<../image/gnome_calculator_basic.png><../image/gnome_calculator_advan
ced.png>]
warning  (pdf backend): ignoring duplicate destination with the name 'meson.buil
d'
[121] [122]
<../image/tfe6.png, id=5526, 606.265pt x 442.65375pt>
File: ../image/tfe6.png Graphic file (type png)
<use ../image/tfe6.png>
Package luatex.def Info: ../image/tfe6.png  used on input line 1571.
(luatex.def)             Requested size: 257.7841pt x 188.21652pt.
) (./sec21.tex [123]
warning  (pdf backend): ignoring duplicate destination with the name 'preference
-dialog'
[124<../image/tfe6.png>] [125]
warning  (pdf backend): ignoring duplicate destination with the name 'alert-dial
og'
[126] [127] [128] [129] [130] [131] [132] [133] [134] [135]) (./sec22.tex
[136]
<../image/cairo.png, id=6233, 144.54pt x 96.36pt>
File: ../image/cairo.png Graphic file (type png)
<use ../image/cairo.png>
Package luatex.def Info: ../image/cairo.png  used on input line 65.
(luatex.def)             Requested size: 256.08939pt x 170.71594pt.
 [137<../image/cairo.png>]
<../image/rectangle.png, id=6274, 100.375pt x 100.375pt>
File: ../image/rectangle.png Graphic file (type png)
<use ../image/rectangle.png>
Package luatex.def Info: ../image/rectangle.png  used on input line 201.
(luatex.def)             Requested size: 100.37474pt x 100.37474pt.
 [138<../image/rectangle.png>] [139]
<../image/da1.png, id=6349, 235.6002pt x 98.769pt>
File: ../image/da1.png Graphic file (type png)
<use ../image/da1.png>
Package luatex.def Info: ../image/da1.png  used on input line 317.
(luatex.def)             Requested size: 227.62598pt x 96.7417pt.
)
(./sec23.tex [140<../image/da1.png>] [141] [142] [143] [144] [145])
(./sec24.tex
<../image/color.png, id=6697, 604.2575pt x 440.64626pt>
File: ../image/color.png Graphic file (type png)
<use ../image/color.png>
Package luatex.def Info: ../image/color.png  used on input line 12.
(luatex.def)             Requested size: 199.16586pt x 145.95833pt.
 [146<../image/color.png>] [147] [148] [149] [150]
warning  (pdf backend): ignoring duplicate destination with the name 'meson.buil
d'
[151]) (./sec25.tex
<../src/turtle/image/turtle_koch.png, id=6991, 803.0pt x 512.91624pt>
File: ../src/turtle/image/turtle_koch.png Graphic file (type png)
<use ../src/turtle/image/turtle_koch.png>
Package luatex.def Info: ../src/turtle/image/turtle_koch.png  used on input lin
e 13.
(luatex.def)             Requested size: 227.61984pt x 145.39217pt.
 [152<../src/turtle/image/turtle_koch.png>]
<../image/turtle.png, id=7016, 144.54pt x 96.36pt>
File: ../image/turtle.png Graphic file (type png)
<use ../image/turtle.png>
Package luatex.def Info: ../image/turtle.png  used on input line 92.
(luatex.def)             Requested size: 144.53963pt x 96.35974pt.
 [153<../image/turtle.png>]
<../image/turtle_parser_tree.png, id=7064, 1003.75pt x 447.6725pt>
File: ../image/turtle_parser_tree.png Graphic file (type png)
<use ../image/turtle_parser_tree.png>
Package luatex.def Info: ../image/turtle_parser_tree.png  used on input line 25
0.
(luatex.def)             Requested size: 341.43896pt x 151.94022pt.
 [154]
Underfull \hbox (badness 1502) in paragraph at lines 363--372
[]\TU/lmr/m/n/10 gcc com-piles [][][][][], [][][][][], [][][][][] and [][][][][
] with [][][][][],
 []

<../image/turtle_compile_process.png, id=7078, 192.72pt x 144.54pt>
File: ../image/turtle_compile_process.png Graphic file (type png)
<use ../image/turtle_compile_process.png>
Package luatex.def Info: ../image/turtle_compile_process.png  used on input lin
e 376.
(luatex.def)             Requested size: 341.43195pt x 256.08939pt.
[155<../image/turtle_parser_tree.png>] [156<../image/turtle_compile_process.png>
] [157] [158] [159] [160] [161] [162] [163] [164] [165] [166]
<../image/tree.png, id=7510, 156.8259pt x 131.5314pt>
File: ../image/tree.png Graphic file (type png)
<use ../image/tree.png>
Package luatex.def Info: ../image/tree.png  used on input line 1436.
(luatex.def)             Requested size: 185.24197pt x 155.37027pt.
 [167<../image/tree.png>] [168] [169] [170] [171]
<../image/stack.png, id=7765, 144.54pt x 126.9543pt>
File: ../image/stack.png Graphic file (type png)
<use ../image/stack.png>
Package luatex.def Info: ../image/stack.png  used on input line 1828.
(luatex.def)             Requested size: 188.93633pt x 229.04445pt.
 [172] [173<../image/stack.png>]
<../image/transformation.png, id=7841, 420.57124pt x 135.50626pt>
File: ../image/transformation.png Graphic file (type png)
<use ../image/transformation.png>
Package luatex.def Info: ../image/transformation.png  used on input line 1973.
(luatex.def)             Requested size: 179.2506pt x 58.04323pt.
 [174<../image/transformation.png>] [175] [176] [177] [178]
<../image/tree2.png, id=8121, 240.9pt x 120.45pt>
File: ../image/tree2.png Graphic file (type png)
<use ../image/tree2.png>
Package luatex.def Info: ../image/tree2.png  used on input line 2325.
(luatex.def)             Requested size: 284.55359pt x 170.73325pt.
<../image/table.png, id=8122, 240.9pt x 120.45pt>
File: ../image/table.png Graphic file (type png)
<use ../image/table.png>
Package luatex.def Info: ../image/table.png  used on input line 2334.
(luatex.def)             Requested size: 284.55359pt x 142.27678pt.
<../image/proc_call.png, id=8123, 158.5122pt x 109.1277pt>
File: ../image/proc_call.png Graphic file (type png)
<use ../image/proc_call.png>
Package luatex.def Info: ../image/proc_call.png  used on input line 2343.
(luatex.def)             Requested size: 284.54774pt x 142.2656pt.
 [179<../image/tree2.png>] [180<../image/table.png><../image/proc_call.png>] [1
81]) (./sec26.tex
<../image/list.png, id=8250, 192.72pt x 144.54pt>
File: ../image/list.png Graphic file (type png)
<use ../image/list.png>
Package luatex.def Info: ../image/list.png  used on input line 39.
(luatex.def)             Requested size: 284.52711pt x 213.40634pt.
 [182]
<../image/gtklistitem.png, id=8266, 192.72pt x 144.54pt>
File: ../image/gtklistitem.png Graphic file (type png)
<use ../image/gtklistitem.png>
Package luatex.def Info: ../image/gtklistitem.png  used on input line 126.
(luatex.def)             Requested size: 284.52711pt x 213.40634pt.
 [183<../image/list.png>] [184<../image/gtklistitem.png>] [185]
(/usr/share/texlive/texmf-dist/tex/latex/listings/lstlang1.sty
File: lstlang1.sty 2020/03/24 1.8d listings language file
)
(/usr/share/texlive/texmf-dist/tex/latex/listings/lstlang1.sty
File: lstlang1.sty 2020/03/24 1.8d listings language file
)
<../image/list1.png, id=8373, 606.265pt x 442.65375pt>
File: ../image/list1.png Graphic file (type png)
<use ../image/list1.png>
Package luatex.def Info: ../image/list1.png  used on input line 284.
(luatex.def)             Requested size: 171.85298pt x 125.19174pt.
 [186<../image/list1.png>] [187] [188] [189]
<../image/list3.png, id=8560, 606.265pt x 442.65375pt>
File: ../image/list3.png Graphic file (type png)
<use ../image/list3.png>
Package luatex.def Info: ../image/list3.png  used on input line 681.
(luatex.def)             Requested size: 284.5283pt x 207.70956pt.
) (./sec27.tex
<../image/list4.png, id=8561, 729.72626pt x 480.79625pt>
File: ../image/list4.png Graphic file (type png)
<use ../image/list4.png>
Package luatex.def Info: ../image/list4.png  used on input line 10.
(luatex.def)             Requested size: 284.52528pt x 187.78856pt.
 [190] [191<../image/list3.png><../image/list4.png>]
warning  (pdf backend): ignoring duplicate destination with the name 'gtkdirecto
rylist'
<../image/directorylist.png, id=8613, 192.72pt x 144.54pt>
File: ../image/directorylist.png Graphic file (type png)
<use ../image/directorylist.png>
Package luatex.def Info: ../image/directorylist.png  used on input line 45.
(luatex.def)             Requested size: 284.52711pt x 213.40634pt.

Overfull \hbox (50.47pt too wide) in paragraph at lines 60--61
[][][][][][][][][][][][][][][][][][][][][][][][]  
 []

[192<../image/directorylist.png>]
Overfull \hbox (1.8695pt too wide) in paragraph at lines 126--127
[][][][][][][][][][][][][][][][][][][][][][][][][][][][][]  
 []


Overfull \hbox (1.8695pt too wide) in paragraph at lines 138--139
[][][][][][][][][][][][][][][][][][][][][][][][][][][][][]  
 []

[193]
Overfull \hbox (61.27011pt too wide) in paragraph at lines 164--165
[][][][][][][][][][][][][][][][][][][][][][][][]  
 []

[194] [195] [196] [197] [198]
<../image/screenshot_list4.png, id=8920, 803.0pt x 564.1075pt>
File: ../image/screenshot_list4.png Graphic file (type png)
<use ../image/screenshot_list4.png>
Package luatex.def Info: ../image/screenshot_list4.png  used on input line 599.

(luatex.def)             Requested size: 227.61984pt x 159.90294pt.

Overfull \hbox (61.27011pt too wide) in paragraph at lines 620--621
[][][][][][][][][][][][][][][][][][][][][][][][]  
 []

[199<../image/screenshot_list4.png>]) (./sec28.tex [200] [201] [202] [203]
[204] [205] [206] [207] [208]
warning  (pdf backend): ignoring duplicate destination with the name 'compilatio
n-and-execution'
<../image/expression.png, id=9339, 803.0pt x 607.26875pt>
File: ../image/expression.png Graphic file (type png)
<use ../image/expression.png>
Package luatex.def Info: ../image/expression.png  used on input line 858.
(luatex.def)             Requested size: 341.4359pt x 258.9244pt.
) (./sec29.tex
<../image/column_view.png, id=9340, 754.82pt x 602.25pt>
File: ../image/column_view.png Graphic file (type png)
<use ../image/column_view.png>
Package luatex.def Info: ../image/column_view.png  used on input line 12.
(luatex.def)             Requested size: 321.51411pt x 256.0861pt.
 [209<../image/expression.png>]
<../image/column.png, id=9358, 192.72pt x 144.54pt>
File: ../image/column.png Graphic file (type png)
<use ../image/column.png>
Package luatex.def Info: ../image/column.png  used on input line 36.
(luatex.def)             Requested size: 341.43195pt x 256.08939pt.

Overfull \hbox (163.87115pt too wide) in paragraph at lines 71--72
[][][][][][][][][][][][][][][][][][][][][][][][]  
 []

[210<../image/column_view.png>] [211<../image/column.png>] [212] [213] [214]
[215] [216]
File: ../image/column_view.png Graphic file (type png)
<use ../image/column_view.png>
Package luatex.def Info: ../image/column_view.png  used on input line 586.
(luatex.def)             Requested size: 321.51411pt x 256.0861pt.
) [217] (./turtle_doc.tex
<../src/turtle/image/turtle1.png, id=9734, 803.0pt x 512.91624pt>
File: ../src/turtle/image/turtle1.png Graphic file (type png)
<use ../src/turtle/image/turtle1.png>
Package luatex.def Info: ../src/turtle/image/turtle1.png  used on input line 42
.
(luatex.def)             Requested size: 227.61984pt x 145.39217pt.
<../src/turtle/image/turtle_tree.png, id=9735, 803.0pt x 512.91624pt>
File: ../src/turtle/image/turtle_tree.png Graphic file (type png)
<use ../src/turtle/image/turtle_tree.png>
Package luatex.def Info: ../src/turtle/image/turtle_tree.png  used on input lin
e 55.
(luatex.def)             Requested size: 227.61984pt x 145.39217pt.
 [218]
<../src/turtle/image/turtle2.png, id=9752, 803.0pt x 512.91624pt>
File: ../src/turtle/image/turtle2.png Graphic file (type png)
<use ../src/turtle/image/turtle2.png>
Package luatex.def Info: ../src/turtle/image/turtle2.png  used on input line 12
1.
(luatex.def)             Requested size: 227.61984pt x 145.39217pt.
 [219<../src/turtle/image/turtle1.png><../src/turtle/image/turtle_tree.png>]
<../src/turtle/image/turtle3.png, id=9773, 803.0pt x 512.91624pt>
File: ../src/turtle/image/turtle3.png Graphic file (type png)
<use ../src/turtle/image/turtle3.png>
Package luatex.def Info: ../src/turtle/image/turtle3.png  used on input line 16
5.
(luatex.def)             Requested size: 227.61984pt x 145.39217pt.
 [220<../src/turtle/image/turtle2.png><../src/turtle/image/turtle3.png>] [221] 
[222]
File: ../src/turtle/image/turtle_tree.png Graphic file (type png)
<use ../src/turtle/image/turtle_tree.png>
Package luatex.def Info: ../src/turtle/image/turtle_tree.png  used on input lin
e 408.
(luatex.def)             Requested size: 227.61984pt x 145.39217pt.
File: ../src/turtle/image/turtle_koch.png Graphic file (type png)
<use ../src/turtle/image/turtle_koch.png>
Package luatex.def Info: ../src/turtle/image/turtle_koch.png  used on input lin
e 424.
(luatex.def)             Requested size: 227.61984pt x 145.39217pt.
<../src/turtle/image/turtle_square_koch.png, id=9846, 803.0pt x 512.91624pt>
File: ../src/turtle/image/turtle_square_koch.png Graphic file (type png)
<use ../src/turtle/image/turtle_square_koch.png>
Package luatex.def Info: ../src/turtle/image/turtle_square_koch.png  used on in
put line 430.
(luatex.def)             Requested size: 227.61984pt x 145.39217pt.
 [223] [224<../src/turtle/image/turtle_square_koch.png>]) (./tfetextview_doc.te
x [225]
warning  (pdf backend): ignoring duplicate destination with the name 'signals'
[226] [227]
warning  (pdf backend): ignoring duplicate destination with the name 'signals-1'

) (./Readme_for_developers.tex [228] [229] [230] [231]
<../image/state_diagram.png, id=10039, 240.9pt x 135.6267pt>
File: ../image/state_diagram.png Graphic file (type png)
<use ../image/state_diagram.png>
Package luatex.def Info: ../image/state_diagram.png  used on input line 364.
(luatex.def)             Requested size: 426.83406pt x 239.00378pt.
 [232<../image/state_diagram.png>] [233] [234] [235]) [236] (./main.aux)

LaTeX Warning: There were multiply-defined labels.

)

Here is how much of LuaTeX's memory you used:
 35359 strings out of 477805
 596560,1373583 words of node,token memory allocated
 651 words of node memory still in use:
   7 hlist, 2 vlist, 2 rule, 1 local_par, 4 glue, 4 kern, 1 penalty, 2 glyph, 17
 attribute, 58 glue_spec, 17 attribute_list, 1 write, 9 pdf_action nodes
   avail lists: 1:5,2:6038,3:564,4:1198,5:7713,6:161,7:39389,8:133,9:17370,10:19
,11:707
 45895 multiletter control sequences out of 65536+600000
 64 fonts using 19308299 bytes
 93i,6n,121p,1000b,988s stack positions out of 5000i,500n,10000p,200000b,80000s
</usr/share/texmf/fonts/opentype/public/lm/lmmono10-regular.otf></usr/share/texm
f/fonts/opentype/public/lm/lmroman9-regular.otf></usr/share/texmf/fonts/opentype
/public/lm/lmroman10-italic.otf></usr/share/texmf/fonts/opentype/public/lm/lmrom
an12-bold.otf></usr/share/texmf/fonts/opentype/public/lm/lmmono9-regular.otf></u
sr/share/texmf/fonts/opentype/public/lm/lmroman10-regular.otf></usr/share/texmf/
fonts/opentype/public/lm/lmroman10-bold.otf></usr/share/texmf/fonts/opentype/pub
lic/lm/lmroman12-regular.otf></usr/share/texmf/fonts/opentype/public/lm/lmroman1
7-regular.otf>
Output written on main.pdf (236 pages, 2458434 bytes).

PDF statistics: 11255 PDF objects out of 12825 (max. 8388607)
 10767 compressed objects within 108 object streams
 8741 named destinations out of 8907 (max. 131072)
 2177 words of extra memory for PDF output out of 10000 (max. 100000000)

